[INFO  Mon Dec 29 02:01:14 2025] ...zy/mason.nvim/lua/mason-core/installer/InstallRunner.lua:40: Executing installer for Package(name=stylua) {
  debug = false,
  force = false,
  strict = false
}
[INFO  Mon Dec 29 02:01:14 2025] ...zy/mason.nvim/lua/mason-core/installer/InstallRunner.lua:40: Executing installer for Package(name=shfmt) {
  debug = false,
  force = false,
  strict = false
}
[ERROR Mon Dec 29 02:01:14 2025] ...zy/mason.nvim/lua/mason-core/installer/InstallRunner.lua:93: Installation failed for Package(name=stylua) error="The current platform is unsupported."
[INFO  Mon Dec 29 02:01:20 2025] ...zy/mason.nvim/lua/mason-core/installer/InstallRunner.lua:86: Installation succeeded for Package(name=shfmt)
[INFO  Mon Dec 29 02:03:42 2025] ...zy/mason.nvim/lua/mason-core/installer/InstallRunner.lua:40: Executing installer for Package(name=stylua) {
  debug = false,
  force = false,
  strict = false
}
[INFO  Mon Dec 29 02:03:43 2025] ...zy/mason.nvim/lua/mason-core/installer/InstallRunner.lua:40: Executing installer for Package(name=lua-language-server) {
  debug = false,
  force = false,
  strict = false
}
[ERROR Mon Dec 29 02:03:43 2025] ...zy/mason.nvim/lua/mason-core/installer/InstallRunner.lua:93: Installation failed for Package(name=stylua) error="The current platform is unsupported."
[ERROR Mon Dec 29 02:03:43 2025] ...zy/mason.nvim/lua/mason-core/installer/InstallRunner.lua:93: Installation failed for Package(name=lua-language-server) error="The current platform is unsupported."
